

Started GET "/assets/rails.png" for 127.0.0.1 at 2012-09-02 22:42:33 -0600
Connecting to database specified by database.yml
Served asset /rails.png - 200 OK (6ms)
Connecting to database specified by database.yml
Connecting to database specified by database.yml
  [1m[36m (0.2ms)[0m  [1mselect sqlite_version(*)[0m
  [1m[35m (235.9ms)[0m  CREATE TABLE "schema_migrations" ("version" varchar(255) NOT NULL) 
  [1m[36m (0.1ms)[0m  [1mPRAGMA index_list("schema_migrations")[0m
  [1m[35m (131.8ms)[0m  CREATE UNIQUE INDEX "unique_schema_migrations" ON "schema_migrations" ("version")
  [1m[36m (0.3ms)[0m  [1mSELECT "schema_migrations"."version" FROM "schema_migrations" [0m
Migrating to ContentPageData (20120915191157)
  [1m[35m (0.1ms)[0m  begin transaction
  [1m[36m (2.0ms)[0m  [1mCREATE TABLE "content" ("id" INTEGER PRIMARY KEY AUTOINCREMENT NOT NULL, "page_id" varchar(255), "title" varchar(255), "subtitle" varchar(255)) [0m
  [1m[35m (0.6ms)[0m  CREATE TABLE "content_texts" ("id" INTEGER PRIMARY KEY AUTOINCREMENT NOT NULL, "body_text" text, "content_id" integer) 
  [1m[36m (0.5ms)[0m  [1mCREATE TABLE "content_images" ("id" INTEGER PRIMARY KEY AUTOINCREMENT NOT NULL, "image_uri" varchar(255), "content_id" integer) [0m
  [1m[35m (0.8ms)[0m  INSERT INTO "schema_migrations" ("version") VALUES ('20120915191157')
  [1m[36m (137.8ms)[0m  [1mcommit transaction[0m
  [1m[35m (0.3ms)[0m  select sqlite_version(*)
  [1m[36m (0.1ms)[0m  [1mSELECT "schema_migrations"."version" FROM "schema_migrations" [0m
  [1m[35m (0.0ms)[0m  PRAGMA index_list("content")
  [1m[36m (0.1ms)[0m  [1mPRAGMA index_list("content_images")[0m
  [1m[35m (0.1ms)[0m  PRAGMA index_list("content_texts")
Connecting to database specified by database.yml
  [1m[36m (0.1ms)[0m  [1mSELECT "schema_migrations"."version" FROM "schema_migrations" [0m
  [1m[35m (0.4ms)[0m  select sqlite_version(*)
  [1m[36m (169.0ms)[0m  [1mCREATE TABLE "content" ("id" INTEGER PRIMARY KEY AUTOINCREMENT NOT NULL, "page_id" varchar(255), "title" varchar(255), "subtitle" varchar(255)) [0m
  [1m[35m (163.0ms)[0m  CREATE TABLE "content_images" ("id" INTEGER PRIMARY KEY AUTOINCREMENT NOT NULL, "image_uri" varchar(255), "content_id" integer) 
  [1m[36m (148.3ms)[0m  [1mCREATE TABLE "content_texts" ("id" INTEGER PRIMARY KEY AUTOINCREMENT NOT NULL, "body_text" text, "content_id" integer) [0m
  [1m[35m (131.3ms)[0m  CREATE TABLE "schema_migrations" ("version" varchar(255) NOT NULL) 
  [1m[36m (0.1ms)[0m  [1mPRAGMA index_list("schema_migrations")[0m
  [1m[35m (139.9ms)[0m  CREATE UNIQUE INDEX "unique_schema_migrations" ON "schema_migrations" ("version")
  [1m[36m (0.2ms)[0m  [1mSELECT version FROM "schema_migrations"[0m
  [1m[35m (130.7ms)[0m  INSERT INTO "schema_migrations" (version) VALUES ('20120915191157')
Connecting to database specified by database.yml
  [1m[36m (0.1ms)[0m  [1mSELECT "schema_migrations"."version" FROM "schema_migrations" [0m
Migrating to ContentPageData (20120915191157)
  [1m[35m (0.3ms)[0m  select sqlite_version(*)
  [1m[36m (0.1ms)[0m  [1mSELECT "schema_migrations"."version" FROM "schema_migrations" [0m
  [1m[35m (0.0ms)[0m  PRAGMA index_list("content")
  [1m[36m (0.0ms)[0m  [1mPRAGMA index_list("content_images")[0m
  [1m[35m (0.0ms)[0m  PRAGMA index_list("content_texts")
Connecting to database specified by database.yml
  [1m[36m (0.2ms)[0m  [1mselect sqlite_version(*)[0m
  [1m[35m (152.9ms)[0m  CREATE TABLE "schema_migrations" ("version" varchar(255) NOT NULL) 
  [1m[36m (0.1ms)[0m  [1mPRAGMA index_list("schema_migrations")[0m
  [1m[35m (140.5ms)[0m  CREATE UNIQUE INDEX "unique_schema_migrations" ON "schema_migrations" ("version")
  [1m[36m (0.1ms)[0m  [1mSELECT "schema_migrations"."version" FROM "schema_migrations" [0m
Migrating to ContentPageData (20120915191157)
  [1m[35m (0.1ms)[0m  begin transaction
  [1m[36m (0.6ms)[0m  [1mCREATE TABLE "contents" ("id" INTEGER PRIMARY KEY AUTOINCREMENT NOT NULL, "page_id" varchar(255), "title" varchar(255), "subtitle" varchar(255)) [0m
  [1m[35m (0.2ms)[0m  CREATE TABLE "content_texts" ("id" INTEGER PRIMARY KEY AUTOINCREMENT NOT NULL, "body_text" text, "content_id" integer) 
  [1m[36m (0.2ms)[0m  [1mCREATE TABLE "content_images" ("id" INTEGER PRIMARY KEY AUTOINCREMENT NOT NULL, "image_uri" varchar(255), "content_id" integer) [0m
  [1m[35m (0.2ms)[0m  INSERT INTO "schema_migrations" ("version") VALUES ('20120915191157')
  [1m[36m (200.7ms)[0m  [1mcommit transaction[0m
  [1m[35m (0.3ms)[0m  select sqlite_version(*)
  [1m[36m (0.1ms)[0m  [1mSELECT "schema_migrations"."version" FROM "schema_migrations" [0m
  [1m[35m (0.0ms)[0m  PRAGMA index_list("content_images")
  [1m[36m (0.0ms)[0m  [1mPRAGMA index_list("content_texts")[0m
  [1m[35m (0.0ms)[0m  PRAGMA index_list("contents")
Connecting to database specified by database.yml
  [1m[36m (0.2ms)[0m  [1mSELECT "schema_migrations"."version" FROM "schema_migrations" [0m
  [1m[35m (0.3ms)[0m  select sqlite_version(*)
  [1m[36m (145.3ms)[0m  [1mCREATE TABLE "content_images" ("id" INTEGER PRIMARY KEY AUTOINCREMENT NOT NULL, "image_uri" varchar(255), "content_id" integer) [0m
  [1m[35m (113.6ms)[0m  CREATE TABLE "content_texts" ("id" INTEGER PRIMARY KEY AUTOINCREMENT NOT NULL, "body_text" text, "content_id" integer) 
  [1m[36m (115.2ms)[0m  [1mCREATE TABLE "contents" ("id" INTEGER PRIMARY KEY AUTOINCREMENT NOT NULL, "page_id" varchar(255), "title" varchar(255), "subtitle" varchar(255)) [0m
  [1m[35m (122.9ms)[0m  CREATE TABLE "schema_migrations" ("version" varchar(255) NOT NULL) 
  [1m[36m (0.1ms)[0m  [1mPRAGMA index_list("schema_migrations")[0m
  [1m[35m (132.4ms)[0m  CREATE UNIQUE INDEX "unique_schema_migrations" ON "schema_migrations" ("version")
  [1m[36m (0.2ms)[0m  [1mSELECT version FROM "schema_migrations"[0m
  [1m[35m (130.6ms)[0m  INSERT INTO "schema_migrations" (version) VALUES ('20120915191157')
Connecting to database specified by database.yml
  [1m[36m (0.1ms)[0m  [1mSELECT "schema_migrations"."version" FROM "schema_migrations" [0m
  [1m[35m (0.3ms)[0m  select sqlite_version(*)
  [1m[36m (191.9ms)[0m  [1mCREATE TABLE "content_images" ("id" INTEGER PRIMARY KEY AUTOINCREMENT NOT NULL, "image_uri" varchar(255), "content_id" integer) [0m
  [1m[35m (146.6ms)[0m  CREATE TABLE "content_texts" ("id" INTEGER PRIMARY KEY AUTOINCREMENT NOT NULL, "body_text" text, "content_id" integer) 
  [1m[36m (140.1ms)[0m  [1mCREATE TABLE "contents" ("id" INTEGER PRIMARY KEY AUTOINCREMENT NOT NULL, "page_id" varchar(255), "title" varchar(255), "subtitle" varchar(255)) [0m
  [1m[35m (139.6ms)[0m  CREATE TABLE "schema_migrations" ("version" varchar(255) NOT NULL) 
  [1m[36m (0.1ms)[0m  [1mPRAGMA index_list("schema_migrations")[0m
  [1m[35m (139.9ms)[0m  CREATE UNIQUE INDEX "unique_schema_migrations" ON "schema_migrations" ("version")
  [1m[36m (0.2ms)[0m  [1mSELECT version FROM "schema_migrations"[0m
  [1m[35m (138.9ms)[0m  INSERT INTO "schema_migrations" (version) VALUES ('20120915191157')
Connecting to database specified by database.yml
Connecting to database specified by database.yml
  [1m[36m (0.2ms)[0m  [1mSELECT "schema_migrations"."version" FROM "schema_migrations" [0m
  [1m[35m (0.3ms)[0m  select sqlite_version(*)
  [1m[36m (158.3ms)[0m  [1mCREATE TABLE "content_images" ("id" INTEGER PRIMARY KEY AUTOINCREMENT NOT NULL, "image_uri" varchar(255), "content_id" integer) [0m
  [1m[35m (139.9ms)[0m  CREATE TABLE "content_texts" ("id" INTEGER PRIMARY KEY AUTOINCREMENT NOT NULL, "body_text" text, "content_id" integer) 
  [1m[36m (154.7ms)[0m  [1mCREATE TABLE "contents" ("id" INTEGER PRIMARY KEY AUTOINCREMENT NOT NULL, "page_id" varchar(255), "title" varchar(255), "subtitle" varchar(255)) [0m
  [1m[35m (140.2ms)[0m  CREATE TABLE "schema_migrations" ("version" varchar(255) NOT NULL) 
  [1m[36m (0.1ms)[0m  [1mPRAGMA index_list("schema_migrations")[0m
  [1m[35m (148.7ms)[0m  CREATE UNIQUE INDEX "unique_schema_migrations" ON "schema_migrations" ("version")
  [1m[36m (0.1ms)[0m  [1mSELECT version FROM "schema_migrations"[0m
  [1m[35m (166.0ms)[0m  INSERT INTO "schema_migrations" (version) VALUES ('20120915191157')
Connecting to database specified by database.yml
  [1m[36m (0.1ms)[0m  [1mSELECT "schema_migrations"."version" FROM "schema_migrations" [0m
  [1m[35m (0.3ms)[0m  select sqlite_version(*)
  [1m[36m (161.8ms)[0m  [1mCREATE TABLE "content_images" ("id" INTEGER PRIMARY KEY AUTOINCREMENT NOT NULL, "image_uri" varchar(255), "content_id" integer) [0m
  [1m[35m (146.6ms)[0m  CREATE TABLE "content_texts" ("id" INTEGER PRIMARY KEY AUTOINCREMENT NOT NULL, "body_text" text, "content_id" integer) 
  [1m[36m (166.5ms)[0m  [1mCREATE TABLE "contents" ("id" INTEGER PRIMARY KEY AUTOINCREMENT NOT NULL, "page_id" varchar(255), "title" varchar(255), "subtitle" varchar(255)) [0m
  [1m[35m (147.2ms)[0m  CREATE TABLE "schema_migrations" ("version" varchar(255) NOT NULL) 
  [1m[36m (0.1ms)[0m  [1mPRAGMA index_list("schema_migrations")[0m
  [1m[35m (148.6ms)[0m  CREATE UNIQUE INDEX "unique_schema_migrations" ON "schema_migrations" ("version")
  [1m[36m (0.1ms)[0m  [1mSELECT version FROM "schema_migrations"[0m
  [1m[35m (156.5ms)[0m  INSERT INTO "schema_migrations" (version) VALUES ('20120915191157')
Connecting to database specified by database.yml
